In /software/python-anaconda-2020.11-el8-x86_64/lib/python3.8/site-packages/matplotlib/mpl-data/stylelib/_classic_test.mplstyle: 
The text.latex.preview rcparam was deprecated in Matplotlib 3.3 and will be removed two minor releases later.
In /software/python-anaconda-2020.11-el8-x86_64/lib/python3.8/site-packages/matplotlib/mpl-data/stylelib/_classic_test.mplstyle: 
The mathtext.fallback_to_cm rcparam was deprecated in Matplotlib 3.3 and will be removed two minor releases later.
In /software/python-anaconda-2020.11-el8-x86_64/lib/python3.8/site-packages/matplotlib/mpl-data/stylelib/_classic_test.mplstyle: Support for setting the 'mathtext.fallback_to_cm' rcParam is deprecated since 3.3 and will be removed two minor releases later; use 'mathtext.fallback : 'cm' instead.
In /software/python-anaconda-2020.11-el8-x86_64/lib/python3.8/site-packages/matplotlib/mpl-data/stylelib/_classic_test.mplstyle: 
The validate_bool_maybe_none function was deprecated in Matplotlib 3.3 and will be removed two minor releases later.
In /software/python-anaconda-2020.11-el8-x86_64/lib/python3.8/site-packages/matplotlib/mpl-data/stylelib/_classic_test.mplstyle: 
The savefig.jpeg_quality rcparam was deprecated in Matplotlib 3.3 and will be removed two minor releases later.
In /software/python-anaconda-2020.11-el8-x86_64/lib/python3.8/site-packages/matplotlib/mpl-data/stylelib/_classic_test.mplstyle: 
The keymap.all_axes rcparam was deprecated in Matplotlib 3.3 and will be removed two minor releases later.
In /software/python-anaconda-2020.11-el8-x86_64/lib/python3.8/site-packages/matplotlib/mpl-data/stylelib/_classic_test.mplstyle: 
The animation.avconv_path rcparam was deprecated in Matplotlib 3.3 and will be removed two minor releases later.
In /software/python-anaconda-2020.11-el8-x86_64/lib/python3.8/site-packages/matplotlib/mpl-data/stylelib/_classic_test.mplstyle: 
The animation.avconv_args rcparam was deprecated in Matplotlib 3.3 and will be removed two minor releases later.
qt.qpa.xcb: could not connect to display :30
qt.qpa.plugin: Could not load the Qt platform plugin "xcb" in "" even though it was found.
This application failed to start because no Qt platform plugin could be initialized. Reinstalling the application may fix this problem.

Available platform plugins are: eglfs, linuxfb, minimal, minimalegl, offscreen, vnc, wayland-egl, wayland, wayland-xcomposite-egl, wayland-xcomposite-glx, webgl, xcb.

/var/spool/slurm/d/job4404121/slurm_script: line 18: 3274024 Aborted                 (core dumped) python exp1.py
